  main.cpp
C:\Users\mista\source\repos\AutoWrld\AutoWrld\main.cpp(15,19): warning C4244: 'initializing': conversion from 'double' to 'float', possible loss of data
C:\Users\mista\source\repos\AutoWrld\AutoWrld\main.cpp(33,25): warning C4244: 'argument': conversion from 'float' to 'Uint32', possible loss of data
GameObject.obj : error LNK2019: unresolved external symbol SDL_RenderCopy referenced in function "public: void __cdecl GameObject::Render(void)" (?Render@GameObject@@QEAAXXZ)
TextureManager.obj : error LNK2001: unresolved external symbol SDL_RenderCopy
main.obj : error LNK2019: unresolved external symbol SDL_GetTicks referenced in function SDL_main
main.obj : error LNK2019: unresolved external symbol SDL_Delay referenced in function SDL_main
TextureManager.obj : error LNK2019: unresolved external symbol SDL_FreeSurface referenced in function "public: static struct SDL_Texture * __cdecl TextureManager::loadTexture(char const *)" (?loadTexture@TextureManager@@SAPEAUSDL_Texture@@PEBD@Z)
TextureManager.obj : error LNK2019: unresolved external symbol SDL_CreateTextureFromSurface referenced in function "public: static struct SDL_Texture * __cdecl TextureManager::loadTexture(char const *)" (?loadTexture@TextureManager@@SAPEAUSDL_Texture@@PEBD@Z)
TextureManager.obj : error LNK2019: unresolved external symbol IMG_Load referenced in function "public: static struct SDL_Texture * __cdecl TextureManager::loadTexture(char const *)" (?loadTexture@TextureManager@@SAPEAUSDL_Texture@@PEBD@Z)
WrldLoop.obj : error LNK2019: unresolved external symbol SDL_CreateWindow referenced in function "public: void __cdecl WrldLoop::init(char const *,int,int,bool)" (?init@WrldLoop@@QEAAXPEBDHH_N@Z)
WrldLoop.obj : error LNK2019: unresolved external symbol SDL_DestroyWindow referenced in function "public: void __cdecl WrldLoop::clean(void)" (?clean@WrldLoop@@QEAAXXZ)
WrldLoop.obj : error LNK2019: unresolved external symbol SDL_PollEvent referenced in function "public: void __cdecl WrldLoop::keyboard(void)" (?keyboard@WrldLoop@@QEAAXXZ)
WrldLoop.obj : error LNK2019: unresolved external symbol SDL_CreateRenderer referenced in function "public: void __cdecl WrldLoop::init(char const *,int,int,bool)" (?init@WrldLoop@@QEAAXPEBDHH_N@Z)
WrldLoop.obj : error LNK2019: unresolved external symbol SDL_SetRenderDrawColor referenced in function "public: void __cdecl WrldLoop::init(char const *,int,int,bool)" (?init@WrldLoop@@QEAAXPEBDHH_N@Z)
WrldLoop.obj : error LNK2019: unresolved external symbol SDL_RenderClear referenced in function "public: void __cdecl WrldLoop::render(void)" (?render@WrldLoop@@QEAAXXZ)
WrldLoop.obj : error LNK2019: unresolved external symbol SDL_RenderPresent referenced in function "public: void __cdecl WrldLoop::render(void)" (?render@WrldLoop@@QEAAXXZ)
WrldLoop.obj : error LNK2019: unresolved external symbol SDL_DestroyRenderer referenced in function "public: void __cdecl WrldLoop::clean(void)" (?clean@WrldLoop@@QEAAXXZ)
WrldLoop.obj : error LNK2019: unresolved external symbol SDL_Init referenced in function "public: void __cdecl WrldLoop::init(char const *,int,int,bool)" (?init@WrldLoop@@QEAAXPEBDHH_N@Z)
WrldLoop.obj : error LNK2019: unresolved external symbol SDL_Quit referenced in function "public: void __cdecl WrldLoop::clean(void)" (?clean@WrldLoop@@QEAAXXZ)
MSVCRTD.lib(exe_main.obj) : error LNK2019: unresolved external symbol main referenced in function "int __cdecl invoke_main(void)" (?invoke_main@@YAHXZ)
C:\Users\mista\source\repos\AutoWrld\deps\lib\SDL2.lib : warning LNK4272: library machine type 'x86' conflicts with target machine type 'x64'
C:\Users\mista\source\repos\AutoWrld\deps\lib\SDL2main.lib : warning LNK4272: library machine type 'x86' conflicts with target machine type 'x64'
C:\Users\mista\source\repos\AutoWrld\deps\lib\SDL2_image.lib : warning LNK4272: library machine type 'x86' conflicts with target machine type 'x64'
C:\Users\mista\source\repos\AutoWrld\x64\Debug\AutoWrld.exe : fatal error LNK1120: 17 unresolved externals
